<?xml version="1.0" encoding="UTF-8"?>
<testsuite name="GameOfLifeTest" tests="1" skipped="0" failures="0" errors="0" timestamp="2022-09-21T15:24:44" hostname="SERVER-GUTY" time="9.785">
  <properties/>
  <testcase name="start" classname="GameOfLifeTest" time="9.785"/>
  <system-out><![CDATA[?[1;31m
Start test 1?[0m
> 4 4
O OO
OO O
O O 
OO  
?[1;31m
Start test 2?[0m
> 4 120
O OO
 O  
 OO 
OO  
?[1;31m
Start test 3?[0m
> 10 10
  OO  OOO 
OO O   OO 
   OOO    
 OO   O OO
OO   OOOOO
 OOOOO  O 
       OO 
 OOO O OOO
OOO   O OO
OOO O OO  
?[1;31m
Start test 4?[0m
> 50 0
  O O OO   OO   O   O   O   O O O  O  O O   OO   O
    O O    OO  OO OOO  O OO OO   O O          O  O
OOOO OO      OOOO  OO   OOOO O OO   OO   OOOOO O O
O   O  O O     O OO  O     OOO OOO O   OO    O O  
   O    O  O OO   O  OO O     O OOO    O OO OOO OO
O O   O    O  OOO  O   OO OO O O OO OO    O  OO   
  OO OO  OOOOO  OO OO OOO   OOO OO       OOOOO  O 
   O OO OOO OOO OO O   OOO   O  OO O OOOO OO O  OO
 OO O  OO   OOOOO      O  O   O OO  O   OOO OOO   
 O OOO     OO     OO   OOO O O O O    OO   OOO OO 
 OOOO OO O OOOO     O  O  O OO   O O   O   O   OO 
O  O OO O O        OOO  O  OOO O O OOO OOOO    O O
O    O OOOOO OO  OOO O O O   OOOOOO OOOOOOO O OO  
OO  OO   OOO      OO  O   O O O O   OO OOO  OOO  O
O  OOO  O O  O OO O OO O    OOO OOOO OO OOOO      
 OOOOO  O OOO  O  OOOOO O O  O O O OOO  O   OOO   
OO  OOOO     OO      O O OO  O   OO OO   OOOO OO  
O  O  OOOOO OO OOO O OO  OOO   O O OO O   O OOOO O
  OOO  O O OOOO   O   O    O   OOOOOO  O  O  O   O
  OO  O  OOOO O   OO   O   O   O  O O     O   OO  
O OO OO OO  OOOO  OO O  OO O OO   O  OOOO O   OO O
O O    O OOOO O  OO  O    O  OOOO     OO  O O    O
O   OO O     OO O OOO O OO   OO OOO   OO  O OO O  
  OO  O O OOO     O O O OO  O O  O     O O O O    
OO   OO O  OO    O O OO    O   OO OO OO O   OO O  
OO OO    OO  OOOO OOOO OOO  O  O OO O O O   O OO  
 O O OOO O  OOOOOO OO O O    O OO OO  O O  O   O O
O  O  O  OOO   O OO O   O  OO O O  OO  OO  O O O O
  O   OO O O   O  O  O OOO OOO   O  OOOOO   O  OO 
 O OOO  OO  OO OO     O   OO  OO   OO  O O   O OO 
O O OO O O O O OOOO O      OO OO OOOOO O O O O OO 
OOOOO O OO  O OOO  O  O OO O   OOOOO OOO OO  OOOOO
 OOO    OO O  OO  OOO   OOOOOOO   OOO OOOO OO   OO
O  OOOOOO    OO  O  OO OO  OO OO  O OOO OOO O  O  
OOOOO O    OO   O  OOO OO  OOO  OO  OOO O OOOOOOO 
O OO   O    OO   OO O O  O OO O       O O OO    O 
O OO  O   OO O O     OO O   OO O  OOOOOOOO  O  O O
OOOO  OO OO  O     O    O          O     OO      O
O   OO O  O OO OO  O OO    OO  OO       OO O O O  
   O   OO  O   O OO   O  OO  OOO   O     OO O OOO 
 O O O O     OOO  O OOO  O OOO    O O OOOO  OO    
 O     O  OO O  OOO O     OOOO  O  OOOO  OOO OOOOO
 O O OOOOOO  OOOO  OO OOOOOO  OOOOO OO  OO   OOO O
  OO O OO O   OOOO OOO OOO OOO    OOO  OOO O      
   O  OOO  OO   O     OO     OO   O  O  OO   O O  
   O    O O O OO O OO OOO  OO     O O O  OOOO O OO
OOO O  OO O O  O   O  OO   OOO  O  O OO       O   
  O O O  OOO OO  OOOOOOOOO  O O   O OOO OOOO O  OO
OO  OO O O  OOO  OO     O O O     O OOOOO O OO O  
 O O   O OOOOO O O OO     OOO  O  OOO OOO      OO 
?[1;31m
Start test 5?[0m
> 50 2018
O    O OO O OOO OO OOOO O O  OOO O  O OO  O O OOOO
OOO  OO  OO OO OOO  OO  O O  O  OO  O O    OO  O  
 OOOOO OOO  OOO   O OO      O  OO  OO OO      O   
O  O OOOO  OO  O OOO   OOOOOOO O    OO O OO   O  O
   OOOO  OOO O    O   O O O     O O OOOO OOOO OOOO
O O       O O     OO  OO OOOOOO  O  O OO O OO O  O
  OOO  OOO O     OOO O  O    OO   OO  O OOOOO    O
O  O  O O OOOO    OO O O  OOO  OO OO O O O   O    
OO  O OOO O O   O  OOO  OOOO OOO O O OO OO   O OOO
O O    O OO   OO  OO  OO O OO OO  OOOO O O OOOO   
O     OO    O    O OO OOOOOOOO OOO  OO  O   OO O  
O   O   OO  O  OO O O O    O O      O OOO  OOOO   
   O  OO O  O  O OOOO O  OOOOOO  OOOOOO  O   O OO 
  O OO  O   OOOOOO  O O OOO OOO    O  OO O  O OO  
    O   O O   O  OOOO O OOO    OO OOO  O   O OOOOO
     O OOO  O OO  OOOOOOOOO  OOO OOOOOO O   O OO O
O OOOO    OO OOOO  OO O O  OO  OO OOO OOOOO OO    
OO    OO O  O           OO OO   O   OOO  OO  O OOO
OOO  OO   OO  OOO O  OO  O OO O   O O O OO  OOO   
OO OOO O O OO OO OOOOOOOOO O  O O OO  OOOOO O  O O
         O   OO O OOOO O O O OOOO     O OOO  O OO 
 OOOOO   OO    O OOO O      O  OO OOOOOOO   OOO OO
OO   O  OO  O  OOOO O  O  OO OO   OOOO OOO   O   O
OOOO O OO OOOO O OOO OOOOOO O O O  O    OOOOO  OOO
O   OO O OO O O           O  O O   OO  O OOOO OOOO
O O   OO OO OO   OOOO   O O O OOO   OOO O OO O O  
O  OO OO  O OOO O O O    OO O OO   O   OO    O  OO
O O  OOOO  OO     O  OOOOOOO    O    O  O O OOO OO
O    O OOOO    O OO  OO    OOO    O OO  O  O O   O
OOOOOO  O    OOO  O    OOO   O O  O OOOO     O O O
O    OO  OOO OOO  O    OO   O    O    OOOOO O  O O
  O  OO O   OO O O  O   OO OO   O  OOOOOOO OOO   O
O OOOO OOOO O OO  O   OOOOO OOO O O O             
 OO O  O  OOO OOO    OOOO   O OO O  O O  O OO  OOO
O O O   O O  OOOOOO OO O OO OOOOO OOOOOOOOOOO  O O
  OO O O  OO   O OOO   O    O O  OO    O  OO  OO O
 OO     OO  O O  O O O   O OOOO O  OO OOOOO O OOOO
O  O  O  OOOO OOO   OO O       OO    O OO   O  OO 
 OOOO OO  OO  OO OO   O O OOO O O  OO O OO O OOOO 
OOO  OO O   OO   O OOO   OOOOO  O    O   O  OOO OO
OOOOOO OO O  O OO  O  OO    OOO O  O         OOO  
    OO  OO   O  OOO OOOO OOO  OO O O OOO   O OO  O
OOOOOOOO  OOOO  O O    OO  OO   O  OOO  OOOOOOOOO 
OO   OOOO O   O   OO O  O OO OOO OO  O     O  OO  
O   O  O     O O O OOOOOO O  OOOO   O   O  OO  OO 
 O OO OO OO       OO O O O   OOOO OOO  O   OO   O 
     OO  OOOO  O OOOOO  OO OOOO OO  O  OO  O O O  
O OOO OO O O  OO    OOO O O  OO  O          OO OO 
 OOOO  OOO O  O O   OO OOO O O O      O  OO  O OOO
OOOOOOO  OOO O     OOOO  O  O O   O   OOO  O   OO 
]]></system-out>
  <system-err><![CDATA[]]></system-err>
</testsuite>
